<?xml version="1.0" encoding="UTF-8"?>
<testsuite name="org.javelle.language.server.P10BlackBoxTest" tests="12" skipped="0" failures="0" errors="0" timestamp="2026-09-12T05:58:14.623Z" hostname="nobara-pc" time="3.291">
  <properties/>
  <testcase name="malformedJsonGetsFramedParseErrorAndEarlyExitIsOne()" classname="org.javelle.language.server.P10BlackBoxTest" time="0.072"/>
  <testcase name="requestBetweenInitializeAndInitializedIsRejected()" classname="org.javelle.language.server.P10BlackBoxTest" time="0.06"/>
  <testcase name="requestAfterShutdownIsInvalidRequest()" classname="org.javelle.language.server.P10BlackBoxTest" time="0.05"/>
  <testcase name="unknownRequestErrorsAndUnknownNotificationIsIgnored()" classname="org.javelle.language.server.P10BlackBoxTest" time="0.048"/>
  <testcase name="invalidParamsAreNotReportedAsParseErrors()" classname="org.javelle.language.server.P10BlackBoxTest" time="0.049"/>
  <testcase name="nonDecimalContentLengthTerminatesBoundedly()" classname="org.javelle.language.server.P10BlackBoxTest" time="0.047"/>
  <testcase name="syntaxDiagnosticAtEmojiCrLfRangeIsClearedByFixedNewerVersion()" classname="org.javelle.language.server.P10BlackBoxTest" time="0.595"/>
  <testcase name="strictUtf8RejectsReplacementByte()" classname="org.javelle.language.server.P10BlackBoxTest" time="0.048"/>
  <testcase name="fragmentedCoalescedUtf16StaleClearHoverCompletionShutdownAndStdoutPurity()" classname="org.javelle.language.server.P10BlackBoxTest" time="0.649"/>
  <testcase name="cancelledOldAnalysisCannotPublishAndNewerDiagnosticWinsOnce()" classname="org.javelle.language.server.P10BlackBoxTest" time="0.598"/>
  <testcase name="malformedHeadersPartialEofAndRepeatedRestartsTerminateWithoutProtocolNoise()" classname="org.javelle.language.server.P10BlackBoxTest" time="1.016"/>
  <testcase name="negativeContentLengthTerminatesBoundedly()" classname="org.javelle.language.server.P10BlackBoxTest" time="0.046"/>
  <system-out><![CDATA[]]></system-out>
  <system-err><![CDATA[]]></system-err>
</testsuite>
