<?xml version="1.0" encoding="UTF-8"?>
<testsuite name="org.javelle.intellij.plugin.P11FileTypeAndLspWiringTest" tests="4" skipped="0" failures="0" errors="0" timestamp="2026-09-12T05:58:07.397Z" hostname="nobara-pc" time="6.373">
  <properties/>
  <testcase name="testLspServerSupportProviderOffersDescriptorForJavelleFiles" classname="org.javelle.intellij.plugin.P11FileTypeAndLspWiringTest" time="5.944"/>
  <testcase name="testInitializationOptionsAreEmptyWithoutAnExportedWorkspaceModel" classname="org.javelle.intellij.plugin.P11FileTypeAndLspWiringTest" time="0.226"/>
  <testcase name="testInitializationOptionsReferenceAnExportedWorkspaceModel" classname="org.javelle.intellij.plugin.P11FileTypeAndLspWiringTest" time="0.101"/>
  <testcase name="testJavelleFileResolvesToRegisteredFileType" classname="org.javelle.intellij.plugin.P11FileTypeAndLspWiringTest" time="0.1"/>
  <system-out><![CDATA[]]></system-out>
  <system-err><![CDATA[[   1039]   WARN - #c.i.p.instanceContainer - InstanceNotOverridableException: Override failed for com.intellij.openapi.project.impl.ProjectStoreFactory: com.intellij.configurationScript.providers.ConfigurationScriptProjectStoreFactory attempts to override com.intellij.configurationStore.PlatformLangProjectStoreFactory, but the existing implementation is not overriddable (not declared as 'open=true')
[   1041]   WARN - #c.i.p.instanceContainer - InstanceNotOverridableException: Override failed for com.intellij.modcommand.ModCommandExecutor: com.jetbrains.rdserver.ui.intentions.RemoteModCommandExecutor attempts to override com.intellij.lang.impl.modcommand.ModCommandExecutorImpl, but the existing implementation is not overriddable (not declared as 'open=true')
SLF4J(E): A service provider failed to instantiate:
org.slf4j.spi.SLF4JServiceProvider: Provider com.intellij.clouds.docker.devcontainers.cli.logging.SLF4JServiceProviderImpl could not be instantiated
SLF4J(W): Class path contains multiple SLF4J providers.
SLF4J(W): Found provider [org.slf4j.jul.JULServiceProvider@7ab1b3da]
SLF4J(W): Found provider [com.jetbrains.app.logger.slf4j.Slf4jToDaemonServiceProvider@720bfb89]
SLF4J(W): See https://www.slf4j.org/codes.html#multiple_bindings for an explanation.
SLF4J(I): Actual provider is of type [org.slf4j.jul.JULServiceProvider@7ab1b3da]
[   3142]   WARN - #c.i.w.i.i.WorkspaceModelMessageDeliveryListener - Long WSM event processing. Topic=WorkspaceModelChangeListener, offender=class com.intellij.workspaceModel.ide.impl.legacyBridge.module.LegacyProjectModelListenersBridge, message=changed, time=399ms
[   3505]   WARN - #c.i.l.j.p.u.JSPluginPathManager - Cannot find /home/langya/.gradle/caches/9.6.0/transforms/ab165684aada9fc6af6d8b5fc18dbbe3/transformed/idea-2026.1.4/plugins/JavaScriptLanguage/resources/jsLanguageServicesImpl
[   3625]   WARN - #c.i.l.j.p.u.JSPluginPathManager - Cannot find /home/langya/.gradle/caches/9.6.0/transforms/ab165684aada9fc6af6d8b5fc18dbbe3/transformed/idea-2026.1.4/plugins/JavaScriptLanguage/resources/jsLanguageServicesImpl
[   6381]   WARN - #c.i.p.l.i.LspClientImpl - JavelleLspServerDescriptor@LspServerSupportProviderOffersDescriptorForJavelleFiles(Initializing;0): Failed to start LSP server
com.intellij.execution.process.ProcessNotCreatedException: Cannot run program "/home/langya/IdeaProjects/Javelle/.intellijPlatform/sandbox/intellij-plugin/IU-2026.1.4/plugins-test/intellij-plugin/javelle-lsp/bin/javelle-lsp": Exec failed, error: 2 (沒有此一檔案或目錄) 
	at com.intellij.execution.configurations.GeneralCommandLine.createProcess(GeneralCommandLine.java:436)
	at com.intellij.execution.process.OSProcessHandler.startProcess(OSProcessHandler.java:85)
	at com.intellij.execution.process.OSProcessHandler.<init>(OSProcessHandler.java:45)
	at com.intellij.platform.lsp.api.LspClientDescriptor$startServerProcess$1.<init>(LspClientDescriptor.kt:112)
	at com.intellij.platform.lsp.api.LspClientDescriptor.startServerProcess(LspClientDescriptor.kt:112)
	at com.intellij.platform.lsp.api.LspServerDescriptor.startServerProcess(LspServerDescriptor.kt:41)
	at com.intellij.platform.lsp.api.LspServerDescriptor.startServerProcess(LspServerDescriptor.kt:28)
	at com.intellij.platform.lsp.impl.connector.Lsp4jServerConnectorStdio.<init>(Lsp4jServerConnectorStdio.kt:21)
	at com.intellij.platform.lsp.impl.LspClientImpl.createLsp4jServerConnector(LspClientImpl.kt:265)
	at com.intellij.platform.lsp.impl.LspClientImpl.start$lambda$0(LspClientImpl.kt:224)
	at com.intellij.openapi.application.impl.ApplicationImpl$4.run(ApplicationImpl.java:381)
	at java.base/java.util.concurrent.Executors$RunnableAdapter.call(Executors.java:545)
	at com.intellij.util.concurrency.ContextCallable.lambda$call$1(ContextCallable.java:86)
	at com.intellij.concurrency.ThreadContext.installThreadContext(threadContext.kt:305)
	at com.intellij.util.concurrency.ContextCallable.lambda$call$2(ContextCallable.java:83)
	at com.intellij.util.concurrency.ContextCallable.call(ContextCallable.java:96)
	at java.base/java.util.concurrent.FutureTask.run(FutureTask.java:328)
	at com.intellij.util.concurrency.ChildContext$runInChildContext$1.invoke(propagation.kt:192)
	at com.intellij.util.concurrency.ChildContext$runInChildContext$1.invoke(propagation.kt:192)
	at com.intellij.util.concurrency.ChildContext.runInChildContext(propagation.kt:198)
	at com.intellij.util.concurrency.ChildContext.runInChildContext(propagation.kt:192)
	at com.intellij.util.concurrency.ContextRunnable.lambda$run$0(ContextRunnable.java:26)
	at com.intellij.concurrency.ThreadContext.resetThreadContext(threadContext.kt:294)
	at com.intellij.util.concurrency.ContextRunnable.run(ContextRunnable.java:25)
	at java.base/java.util.concurrent.ThreadPoolExecutor.runWorker(ThreadPoolExecutor.java:1090)
	at java.base/java.util.concurrent.ThreadPoolExecutor$Worker.run(ThreadPoolExecutor.java:614)
	at java.base/java.util.concurrent.Executors$PrivilegedThreadFactory$1.run(Executors.java:649)
	at java.base/java.lang.Thread.run(Thread.java:1474)
Caused by: java.io.IOException: Cannot run program "/home/langya/IdeaProjects/Javelle/.intellijPlatform/sandbox/intellij-plugin/IU-2026.1.4/plugins-test/intellij-plugin/javelle-lsp/bin/javelle-lsp": Exec failed, error: 2 (沒有此一檔案或目錄) 
	at java.base/java.lang.ProcessBuilder.start(ProcessBuilder.java:1112)
	at java.base/java.lang.ProcessBuilder.start(ProcessBuilder.java:1046)
	at com.intellij.execution.configurations.GeneralCommandLine.createProcess(GeneralCommandLine.java:583)
	at com.intellij.execution.configurations.GeneralCommandLine.startProcess(GeneralCommandLine.java:599)
	at com.intellij.execution.configurations.GeneralCommandLine.startProcess(GeneralCommandLine.java:446)
	at com.intellij.execution.configurations.GeneralCommandLine.createProcess(GeneralCommandLine.java:416)
	... 27 more
Caused by: java.io.IOException: Exec failed, error: 2 (沒有此一檔案或目錄) 
	at java.base/java.lang.ProcessImpl.forkAndExec(Native Method)
	at java.base/java.lang.ProcessImpl.<init>(ProcessImpl.java:300)
	at java.base/java.lang.ProcessImpl.start(ProcessImpl.java:231)
	at java.base/java.lang.ProcessBuilder.start(ProcessBuilder.java:1078)
	... 32 more
]]></system-err>
</testsuite>
