<?xml version="1.0" encoding="UTF-8"?>
<testsuite name="org.javelle.compiler.driver.P06CompilerDriverTest" tests="14" skipped="0" failures="0" errors="0" timestamp="2026-09-12T05:57:03.795Z" hostname="nobara-pc" time="1.323">
  <properties/>
  <testcase name="cancellationReleaseAndProcessorGuardsFailBeforePublication()" classname="org.javelle.compiler.driver.P06CompilerDriverTest" time="0.035"/>
  <testcase name="generatedJavacErrorMapsBackToJavelleOrigin()" classname="org.javelle.compiler.driver.P06CompilerDriverTest" time="0.253"/>
  <testcase name="publishFaultRollsBackBothRootsAndManifest()" classname="org.javelle.compiler.driver.P06CompilerDriverTest" time="0.486"/>
  <testcase name="corruptManifestAndDescendantSymlinkFailClosed()" classname="org.javelle.compiler.driver.P06CompilerDriverTest" time="0.061"/>
  <testcase name="release25AndRepeatedCompilationAreDeterministic()" classname="org.javelle.compiler.driver.P06CompilerDriverTest" time="0.061"/>
  <testcase name="javacFailureIsStructuredAndDoesNotPublishCandidate()" classname="org.javelle.compiler.driver.P06CompilerDriverTest" time="0.032"/>
  <testcase name="staleOwnedFilesAreRemovedWhileForeignFilesSurvive()" classname="org.javelle.compiler.driver.P06CompilerDriverTest" time="0.061"/>
  <testcase name="foreignCollisionAndNestedOutputsAreRejected()" classname="org.javelle.compiler.driver.P06CompilerDriverTest" time="0.029"/>
  <testcase name="missingSymbolInReturnedExpressionMapsToExactExpressionRange()" classname="org.javelle.compiler.driver.P06CompilerDriverTest" time="0.03"/>
  <testcase name="missingTypeAndSyntheticClassDiagnosticsUseMappedOwners()" classname="org.javelle.compiler.driver.P06CompilerDriverTest" time="0.055"/>
  <testcase name="multipleJavacDiagnosticsMapAcrossCrLfEmojiAndUnicodeEscape()" classname="org.javelle.compiler.driver.P06CompilerDriverTest" time="0.022"/>
  <testcase name="frontendRawUtf16DiagnosticIsConvertedToCodePointLocation()" classname="org.javelle.compiler.driver.P06CompilerDriverTest" time="0.003"/>
  <testcase name="changedOwnedOutputAndOutputBudgetFailWithoutPublication()" classname="org.javelle.compiler.driver.P06CompilerDriverTest" time="0.096"/>
  <testcase name="realMixedCompilationPublishesManifestAndRunsInSeparateJvm()" classname="org.javelle.compiler.driver.P06CompilerDriverTest" time="0.077"/>
  <system-out><![CDATA[]]></system-out>
  <system-err><![CDATA[]]></system-err>
</testsuite>
