<?xml version="1.0" encoding="UTF-8"?>
<testsuite name="org.javelle.workspace.model.P08WorkspaceModelTest" tests="13" skipped="0" failures="0" errors="0" timestamp="2026-09-12T05:58:21.394Z" hostname="nobara-pc" time="0.129">
  <properties/>
  <testcase name="resolvedAbsoluteUrisDoNotAffectRelocatableFingerprints()" classname="org.javelle.workspace.model.P08WorkspaceModelTest" time="0.043"/>
  <testcase name="sourceVisibilitySccAndMissingTargetSourceSetAreDistinct()" classname="org.javelle.workspace.model.P08WorkspaceModelTest" time="0.01"/>
  <testcase name="apiDiffGateDetectsAdditionDeletionAndSignatureChange()" classname="org.javelle.workspace.model.P08WorkspaceModelTest" time="0.001"/>
  <testcase name="newerMinorUnknownAdditiveFieldIsAcceptedAndRetainedInRawDocument()" classname="org.javelle.workspace.model.P08WorkspaceModelTest" time="0.024"/>
  <testcase name="canonicalRoundTripIsImmutableAndPreservesAdditiveFields()" classname="org.javelle.workspace.model.P08WorkspaceModelTest" time="0.008"/>
  <testcase name="everySemanticFamilyInvalidatesItsFingerprint()" classname="org.javelle.workspace.model.P08WorkspaceModelTest" time="0.003"/>
  <testcase name="publicApiGoldenAndEveryProductionClassfileStayPlatformNeutral()" classname="org.javelle.workspace.model.P08WorkspaceModelTest" time="0.016"/>
  <testcase name="validatorRejectsTrustDuplicatesTraversalCyclesAndStaleFingerprint()" classname="org.javelle.workspace.model.P08WorkspaceModelTest" time="0.002"/>
  <testcase name="portableGoldenHasNoAbsolutePathLeaks()" classname="org.javelle.workspace.model.P08WorkspaceModelTest" time="0.002"/>
  <testcase name="rootsAreSetLikeSnapshotAndOverlayAffectExpectedFingerprints()" classname="org.javelle.workspace.model.P08WorkspaceModelTest" time="0.003"/>
  <testcase name="portableWriterRejectsAbsoluteAndUriLikeLogicalPaths()" classname="org.javelle.workspace.model.P08WorkspaceModelTest" time="0.001"/>
  <testcase name="strictReaderRejectsDuplicateKeysUnknownMajorMalformedUtf8AndLimits()" classname="org.javelle.workspace.model.P08WorkspaceModelTest" time="0.001"/>
  <testcase name="validatorRejectsProcessorToolchainCaseOverlapUriAndOverlayFailures()" classname="org.javelle.workspace.model.P08WorkspaceModelTest" time="0.002"/>
  <system-out><![CDATA[]]></system-out>
  <system-err><![CDATA[]]></system-err>
</testsuite>
