<?xml version="1.0" encoding="UTF-8"?>
<testsuite name="org.javelle.testkit.ProcessRunnerTest" tests="5" skipped="0" failures="0" errors="0" timestamp="2026-09-12T05:58:20.134Z" hostname="nobara-pc" time="0.235">
  <properties/>
  <testcase name="decodesUtf8Exactly()" classname="org.javelle.testkit.ProcessRunnerTest" time="0.025"/>
  <testcase name="forciblyStopsTimedOutProcess()" classname="org.javelle.testkit.ProcessRunnerTest" time="0.155"/>
  <testcase name="capturesIndependentStreamsAndExitCode()" classname="org.javelle.testkit.ProcessRunnerTest" time="0.032"/>
  <testcase name="rejectsOutputPastCap()" classname="org.javelle.testkit.ProcessRunnerTest" time="0.021"/>
  <testcase name="rejectsUnboundedInputs()" classname="org.javelle.testkit.ProcessRunnerTest" time="0.0"/>
  <system-out><![CDATA[]]></system-out>
  <system-err><![CDATA[]]></system-err>
</testsuite>
