<?xml version="1.0" encoding="UTF-8"?>
<testsuite name="org.javelle.testkit.TestkitUtilitiesTest" tests="8" skipped="0" failures="0" errors="0" timestamp="2026-09-12T05:58:20.370Z" hostname="nobara-pc" time="0.546">
  <properties/>
  <testcase name="realConsumerCompilesAndRunsUtf8()" classname="org.javelle.testkit.TestkitUtilitiesTest" time="0.3"/>
  <testcase name="workspaceRejectsTraversalAndCleansUp()" classname="org.javelle.testkit.TestkitUtilitiesTest" time="0.001"/>
  <testcase name="archiveRejectsEntryAndExpansionLimits()" classname="org.javelle.testkit.TestkitUtilitiesTest" time="0.004"/>
  <testcase name="reflectionContractAcceptsAndRejects()" classname="org.javelle.testkit.TestkitUtilitiesTest" time="0.001"/>
  <testcase name="deterministicArchiveHasStableBytesAndSortedEntries()" classname="org.javelle.testkit.TestkitUtilitiesTest" time="0.002"/>
  <testcase name="brokenConsumerReturnsRealCompilerDiagnostic()" classname="org.javelle.testkit.TestkitUtilitiesTest" time="0.232"/>
  <testcase name="archiveRejectsTraversalEntry()" classname="org.javelle.testkit.TestkitUtilitiesTest" time="0.001"/>
  <testcase name="archiveRejectsSymlinkContainer()" classname="org.javelle.testkit.TestkitUtilitiesTest" time="0.001"/>
  <system-out><![CDATA[]]></system-out>
  <system-err><![CDATA[]]></system-err>
</testsuite>
