<?xml version="1.0" encoding="UTF-8"?>
<testsuite name="org.javelle.compiler.cli.P07BlackBoxTest" tests="9" skipped="0" failures="0" errors="0" timestamp="2026-09-12T05:56:43.963Z" hostname="nobara-pc" time="17.157">
  <properties/>
  <testcase name="packagedVersionHelpDoctorAndUnavailableAreStable()" classname="org.javelle.compiler.cli.P07BlackBoxTest" time="0.458"/>
  <testcase name="acceptedP08ProjectModelIsConsumedWithoutBuildEvaluation()" classname="org.javelle.compiler.cli.P07BlackBoxTest" time="0.597"/>
  <testcase name="manifestFingerprintFsyncFaultRollbackAndWindowsScriptAreInspectable()" classname="org.javelle.compiler.cli.P07BlackBoxTest" time="3.334"/>
  <testcase name="failedReplacementPreservesAcceptedOutput()" classname="org.javelle.compiler.cli.P07BlackBoxTest" time="3.361"/>
  <testcase name="timeoutInternalToolchainAndSignalUseFrozenExitCodesWithoutResidue()" classname="org.javelle.compiler.cli.P07BlackBoxTest" time="0.739"/>
  <testcase name="checkCompileAndEmitJavaUsePackagedDriver()" classname="org.javelle.compiler.cli.P07BlackBoxTest" time="2.523"/>
  <testcase name="usageInputAndCompilationFailuresHaveDistinctCodes()" classname="org.javelle.compiler.cli.P07BlackBoxTest" time="0.532"/>
  <testcase name="projectAndStdinRemainExplicitlyUnavailable()" classname="org.javelle.compiler.cli.P07BlackBoxTest" time="0.101"/>
  <testcase name="doctorExecutesSelectedJavacAndRejectsFakeGarbageAndHang()" classname="org.javelle.compiler.cli.P07BlackBoxTest" time="5.498"/>
  <system-out><![CDATA[]]></system-out>
  <system-err><![CDATA[]]></system-err>
</testsuite>
