<?xml version="1.0" encoding="UTF-8"?>
<testsuite name="org.javelle.compiler.core.P14MethodReferenceTest" tests="3" skipped="0" failures="0" errors="0" timestamp="2026-09-12T05:57:03.143Z" hostname="nobara-pc" time="0.001">
  <properties/>
  <testcase name="staticMethodReference()" classname="org.javelle.compiler.core.P14MethodReferenceTest" time="0.0"/>
  <testcase name="constructorReference()" classname="org.javelle.compiler.core.P14MethodReferenceTest" time="0.001"/>
  <testcase name="instanceMethodReferenceAsCallArgument()" classname="org.javelle.compiler.core.P14MethodReferenceTest" time="0.0"/>
  <system-out><![CDATA[]]></system-out>
  <system-err><![CDATA[]]></system-err>
</testsuite>
