<?xml version="1.0" encoding="UTF-8"?>
<testsuite name="org.javelle.compiler.core.P14BasicForTest" tests="6" skipped="0" failures="0" errors="0" timestamp="2026-09-12T05:57:03.129Z" hostname="nobara-pc" time="0.004">
  <properties/>
  <testcase name="ternaryInsideConditionDoesNotConfuseColonCounting()" classname="org.javelle.compiler.core.P14BasicForTest" time="0.001"/>
  <testcase name="multiplePlainExpressionInits()" classname="org.javelle.compiler.core.P14BasicForTest" time="0.001"/>
  <testcase name="classicThreePartForLoop()" classname="org.javelle.compiler.core.P14BasicForTest" time="0.0"/>
  <testcase name="multipleUpdateExpressions()" classname="org.javelle.compiler.core.P14BasicForTest" time="0.0"/>
  <testcase name="enhancedForStillTakesPriorityOverBasicFor()" classname="org.javelle.compiler.core.P14BasicForTest" time="0.0"/>
  <testcase name="omittedInitConditionAndUpdate()" classname="org.javelle.compiler.core.P14BasicForTest" time="0.001"/>
  <system-out><![CDATA[]]></system-out>
  <system-err><![CDATA[]]></system-err>
</testsuite>
