<?xml version="1.0" encoding="UTF-8"?>
<testsuite name="org.javelle.compiler.core.P14LambdaTest" tests="6" skipped="0" failures="0" errors="0" timestamp="2026-09-12T05:57:03.135Z" hostname="nobara-pc" time="0.004">
  <properties/>
  <testcase name="lambdaAsCallArgument()" classname="org.javelle.compiler.core.P14LambdaTest" time="0.0"/>
  <testcase name="blockBodiedLambdaIsUnsupportedButRecovered()" classname="org.javelle.compiler.core.P14LambdaTest" time="0.001"/>
  <testcase name="multipleUntypedParamsLambda()" classname="org.javelle.compiler.core.P14LambdaTest" time="0.0"/>
  <testcase name="zeroParamLambda()" classname="org.javelle.compiler.core.P14LambdaTest" time="0.0"/>
  <testcase name="typedParamsLambda()" classname="org.javelle.compiler.core.P14LambdaTest" time="0.0"/>
  <testcase name="implicitSingleParamLambda()" classname="org.javelle.compiler.core.P14LambdaTest" time="0.0"/>
  <system-out><![CDATA[]]></system-out>
  <system-err><![CDATA[]]></system-err>
</testsuite>
