<?xml version="1.0" encoding="UTF-8"?>
<testsuite name="org.javelle.compiler.core.P14PrecedenceTest" tests="9" skipped="0" failures="0" errors="0" timestamp="2026-09-12T05:57:03.144Z" hostname="nobara-pc" time="0.006">
  <properties/>
  <testcase name="bitwiseAndBindsTighterThanBitwiseOr()" classname="org.javelle.compiler.core.P14PrecedenceTest" time="0.0"/>
  <testcase name="instanceOfWithPatternBinding()" classname="org.javelle.compiler.core.P14PrecedenceTest" time="0.0"/>
  <testcase name="bitwiseAndShiftOperatorsParse()" classname="org.javelle.compiler.core.P14PrecedenceTest" time="0.001"/>
  <testcase name="relationalAndInstanceofShareRelationalTierBelowShift()" classname="org.javelle.compiler.core.P14PrecedenceTest" time="0.0"/>
  <testcase name="prefixAndPostfixIncrementDecrement()" classname="org.javelle.compiler.core.P14PrecedenceTest" time="0.001"/>
  <testcase name="bitwiseComplementUnaryOperator()" classname="org.javelle.compiler.core.P14PrecedenceTest" time="0.0"/>
  <testcase name="compoundAssignmentOperatorsParse()" classname="org.javelle.compiler.core.P14PrecedenceTest" time="0.001"/>
  <testcase name="assignmentIsRightAssociative()" classname="org.javelle.compiler.core.P14PrecedenceTest" time="0.001"/>
  <testcase name="instanceOfWithoutBinding()" classname="org.javelle.compiler.core.P14PrecedenceTest" time="0.0"/>
  <system-out><![CDATA[]]></system-out>
  <system-err><![CDATA[]]></system-err>
</testsuite>
