<?xml version="1.0" encoding="UTF-8"?>
<testsuite name="org.javelle.compiler.core.P14SwitchStatementTest" tests="5" skipped="0" failures="0" errors="0" timestamp="2026-09-12T05:57:03.150Z" hostname="nobara-pc" time="0.004">
  <properties/>
  <testcase name="unterminatedSwitchIsADiagnosedError()" classname="org.javelle.compiler.core.P14SwitchStatementTest" time="0.0"/>
  <testcase name="arrowCaseWithBlockBody()" classname="org.javelle.compiler.core.P14SwitchStatementTest" time="0.0"/>
  <testcase name="colonCasesWithFallthrough()" classname="org.javelle.compiler.core.P14SwitchStatementTest" time="0.001"/>
  <testcase name="arrowCasesWithExpressionBodies()" classname="org.javelle.compiler.core.P14SwitchStatementTest" time="0.0"/>
  <testcase name="missingSwitchSubjectIsADiagnosedError()" classname="org.javelle.compiler.core.P14SwitchStatementTest" time="0.0"/>
  <system-out><![CDATA[]]></system-out>
  <system-err><![CDATA[]]></system-err>
</testsuite>
