<?xml version="1.0" encoding="UTF-8"?>
<testsuite name="org.javelle.compiler.core.P05FrontendTest" tests="11" skipped="0" failures="0" errors="0" timestamp="2026-09-12T05:57:02.485Z" hostname="nobara-pc" time="0.067">
  <properties/>
  <testcase name="parsesSelectedPositiveAndNegativeCases()" classname="org.javelle.compiler.core.P05FrontendTest" time="0.007"/>
  <testcase name="everyFrozenUnsupportedRepresentativeIsSingleAndBalanced()" classname="org.javelle.compiler.core.P05FrontendTest" time="0.01"/>
  <testcase name="truncationAtEveryUtf16BoundaryTerminatesWithinDiagnosticCeiling()" classname="org.javelle.compiler.core.P05FrontendTest" time="0.012"/>
  <testcase name="lexerConservesRawUnicodeAndProtectsDataSemicolons()" classname="org.javelle.compiler.core.P05FrontendTest" time="0.001"/>
  <testcase name="ifParametersVisibilityComputedFieldAndRecoveryAreConcrete()" classname="org.javelle.compiler.core.P05FrontendTest" time="0.002"/>
  <testcase name="unsupportedAndIncompleteFailExplicitly()" classname="org.javelle.compiler.core.P05FrontendTest" time="0.002"/>
  <testcase name="distinguishesFieldPropertiesAndContextualNames()" classname="org.javelle.compiler.core.P05FrontendTest" time="0.001"/>
  <testcase name="precedencePostfixTernaryAndAssignmentAreStructural()" classname="org.javelle.compiler.core.P05FrontendTest" time="0.001"/>
  <testcase name="truncationRunsUnderTimeoutWithProgressErrorAndDeduplication()" classname="org.javelle.compiler.core.P05FrontendTest" time="0.012"/>
  <testcase name="manifestLoadsAllElevenCasesAndChecksOrderedExpectations()" classname="org.javelle.compiler.core.P05FrontendTest" time="0.01"/>
  <testcase name="methodParameterVarargsIsExactlyOneBalancedDevelopmentUnsupported()" classname="org.javelle.compiler.core.P05FrontendTest" time="0.002"/>
  <system-out><![CDATA[]]></system-out>
  <system-err><![CDATA[]]></system-err>
</testsuite>
