<?xml version="1.0" encoding="UTF-8"?>
<testsuite name="org.javelle.compiler.core.P13ExtendsImplementsTest" tests="7" skipped="0" failures="0" errors="0" timestamp="2026-09-12T05:57:03.092Z" hostname="nobara-pc" time="0.004">
  <properties/>
  <testcase name="genericTypeArgumentsAreDiagnosedAsUnsupportedButRecovered()" classname="org.javelle.compiler.core.P13ExtendsImplementsTest" time="0.0"/>
  <testcase name="dottedQualifiedTypeName()" classname="org.javelle.compiler.core.P13ExtendsImplementsTest" time="0.001"/>
  <testcase name="recordImplementsInterface()" classname="org.javelle.compiler.core.P13ExtendsImplementsTest" time="0.0"/>
  <testcase name="classWithSuperclassAndSuperinterfaces()" classname="org.javelle.compiler.core.P13ExtendsImplementsTest" time="0.0"/>
  <testcase name="enumImplementsInterface()" classname="org.javelle.compiler.core.P13ExtendsImplementsTest" time="0.0"/>
  <testcase name="interfaceWithMultipleSuperinterfaces()" classname="org.javelle.compiler.core.P13ExtendsImplementsTest" time="0.0"/>
  <testcase name="sealedClassWithExtendsImplementsAndPermits()" classname="org.javelle.compiler.core.P13ExtendsImplementsTest" time="0.0"/>
  <system-out><![CDATA[]]></system-out>
  <system-err><![CDATA[]]></system-err>
</testsuite>
