<?xml version="1.0" encoding="UTF-8"?>
<testsuite name="org.javelle.compiler.core.P13RecordDeclarationTest" tests="6" skipped="0" failures="0" errors="0" timestamp="2026-09-12T05:57:03.122Z" hostname="nobara-pc" time="0.004">
  <properties/>
  <testcase name="recordWithNoComponents()" classname="org.javelle.compiler.core.P13RecordDeclarationTest" time="0.0"/>
  <testcase name="unterminatedRecordIsADiagnosedError()" classname="org.javelle.compiler.core.P13RecordDeclarationTest" time="0.001"/>
  <testcase name="recordWithCanonicalConstructorAndExtraMethod()" classname="org.javelle.compiler.core.P13RecordDeclarationTest" time="0.0"/>
  <testcase name="basicRecordWithComponentsAndEmptyBody()" classname="org.javelle.compiler.core.P13RecordDeclarationTest" time="0.001"/>
  <testcase name="missingRecordBodyIsADiagnosedError()" classname="org.javelle.compiler.core.P13RecordDeclarationTest" time="0.0"/>
  <testcase name="missingRecordHeaderIsADiagnosedError()" classname="org.javelle.compiler.core.P13RecordDeclarationTest" time="0.001"/>
  <system-out><![CDATA[]]></system-out>
  <system-err><![CDATA[]]></system-err>
</testsuite>
