<?xml version="1.0" encoding="UTF-8"?>
<testsuite name="org.javelle.compiler.core.P13NestedTypeDeclarationTest" tests="6" skipped="0" failures="0" errors="0" timestamp="2026-09-12T05:57:03.115Z" hostname="nobara-pc" time="0.003">
  <properties/>
  <testcase name="fieldNamedRecordIsStillAPlainField()" classname="org.javelle.compiler.core.P13NestedTypeDeclarationTest" time="0.0"/>
  <testcase name="nestedClass()" classname="org.javelle.compiler.core.P13NestedTypeDeclarationTest" time="0.001"/>
  <testcase name="nestedAnnotationType()" classname="org.javelle.compiler.core.P13NestedTypeDeclarationTest" time="0.0"/>
  <testcase name="nestedEnum()" classname="org.javelle.compiler.core.P13NestedTypeDeclarationTest" time="0.0"/>
  <testcase name="nestedInterface()" classname="org.javelle.compiler.core.P13NestedTypeDeclarationTest" time="0.0"/>
  <testcase name="nestedRecord()" classname="org.javelle.compiler.core.P13NestedTypeDeclarationTest" time="0.0"/>
  <system-out><![CDATA[]]></system-out>
  <system-err><![CDATA[]]></system-err>
</testsuite>
