<?xml version="1.0" encoding="UTF-8"?>
<testsuite name="org.javelle.compiler.core.P06EmitterTest" tests="8" skipped="0" failures="0" errors="0" timestamp="2026-09-12T05:57:02.561Z" hostname="nobara-pc" time="0.471">
  <properties/>
  <testcase name="crlfEmojiMapUsesCodePointsAndFindsExactReturnedExpression()" classname="org.javelle.compiler.core.P06EmitterTest" time="0.002"/>
  <testcase name="binderFailsClosedForUnresolvedAndUnsupportedInput()" classname="org.javelle.compiler.core.P06EmitterTest" time="0.003"/>
  <testcase name="unsupportedAndTypeMismatchFailClosed()" classname="org.javelle.compiler.core.P06EmitterTest" time="0.001"/>
  <testcase name="parseBindEmitJavacAndJvmEndToEnd()" classname="org.javelle.compiler.core.P06EmitterTest" time="0.339"/>
  <testcase name="computedPropertyHasNoStorageAndKeepsAccessorVisibility()" classname="org.javelle.compiler.core.P06EmitterTest" time="0.004"/>
  <testcase name="readableEmissionIsDeterministicMappedAndCompilesForReal()" classname="org.javelle.compiler.core.P06EmitterTest" time="0.116"/>
  <testcase name="earlyLoweringPreservesTypedOrderAndOrigins()" classname="org.javelle.compiler.core.P06EmitterTest" time="0.0"/>
  <testcase name="boundPropertyReadWriteAndPlainFieldStayDistinct()" classname="org.javelle.compiler.core.P06EmitterTest" time="0.001"/>
  <system-out><![CDATA[]]></system-out>
  <system-err><![CDATA[/tmp/javelle p06 測試 18015045599451391028/Illegal.java:1: error: name has private access in User
import demo.User; class Illegal { String x(User u) { return u.name; } }
                                                             ^
1 error
]]></system-err>
</testsuite>
