<?xml version="1.0" encoding="UTF-8"?>
<testsuite name="org.javelle.compiler.core.P13PackageImportTest" tests="7" skipped="0" failures="0" errors="0" timestamp="2026-09-12T05:57:03.119Z" hostname="nobara-pc" time="0.003">
  <properties/>
  <testcase name="staticOnDemandImport()" classname="org.javelle.compiler.core.P13PackageImportTest" time="0.0"/>
  <testcase name="multipleImportsAndPackageTogether()" classname="org.javelle.compiler.core.P13PackageImportTest" time="0.001"/>
  <testcase name="packageDeclaration()" classname="org.javelle.compiler.core.P13PackageImportTest" time="0.0"/>
  <testcase name="onDemandImport()" classname="org.javelle.compiler.core.P13PackageImportTest" time="0.001"/>
  <testcase name="singleTypeImport()" classname="org.javelle.compiler.core.P13PackageImportTest" time="0.0"/>
  <testcase name="malformedImportIsADiagnosedError()" classname="org.javelle.compiler.core.P13PackageImportTest" time="0.001"/>
  <testcase name="staticSingleImport()" classname="org.javelle.compiler.core.P13PackageImportTest" time="0.0"/>
  <system-out><![CDATA[]]></system-out>
  <system-err><![CDATA[]]></system-err>
</testsuite>
