<?xml version="1.0" encoding="UTF-8"?>
<testsuite name="org.javelle.compiler.core.P13EnumDeclarationTest" tests="5" skipped="0" failures="0" errors="0" timestamp="2026-09-12T05:57:03.089Z" hostname="nobara-pc" time="0.003">
  <properties/>
  <testcase name="colonIntroducesAMemberSectionWithMethods()" classname="org.javelle.compiler.core.P13EnumDeclarationTest" time="0.0"/>
  <testcase name="emptyEnumWithNoConstantsAndNoMembersIsValid()" classname="org.javelle.compiler.core.P13EnumDeclarationTest" time="0.001"/>
  <testcase name="unterminatedEnumIsADiagnosedError()" classname="org.javelle.compiler.core.P13EnumDeclarationTest" time="0.0"/>
  <testcase name="constantsOnlyEnumWithNoMemberSection()" classname="org.javelle.compiler.core.P13EnumDeclarationTest" time="0.0"/>
  <testcase name="trailingCommaAfterLastConstantIsAccepted()" classname="org.javelle.compiler.core.P13EnumDeclarationTest" time="0.0"/>
  <system-out><![CDATA[]]></system-out>
  <system-err><![CDATA[]]></system-err>
</testsuite>
