<?xml version="1.0" encoding="UTF-8"?>
<testsuite name="org.javelle.compiler.core.P13ConstructorDeclarationTest" tests="5" skipped="0" failures="0" errors="0" timestamp="2026-09-12T05:57:03.083Z" hostname="nobara-pc" time="0.003">
  <properties/>
  <testcase name="constructorWithVarargsStillDiagnosesUnsupportedVarargs()" classname="org.javelle.compiler.core.P13ConstructorDeclarationTest" time="0.001"/>
  <testcase name="constructorWithParameters()" classname="org.javelle.compiler.core.P13ConstructorDeclarationTest" time="0.001"/>
  <testcase name="basicNoArgConstructor()" classname="org.javelle.compiler.core.P13ConstructorDeclarationTest" time="0.0"/>
  <testcase name="missingConstructorBodyIsADiagnosedError()" classname="org.javelle.compiler.core.P13ConstructorDeclarationTest" time="0.001"/>
  <testcase name="sameNameMethodWithReturnTypeIsNotMistakenForAConstructor()" classname="org.javelle.compiler.core.P13ConstructorDeclarationTest" time="0.0"/>
  <system-out><![CDATA[]]></system-out>
  <system-err><![CDATA[]]></system-err>
</testsuite>
