<?xml version="1.0" encoding="UTF-8"?>
<testsuite name="org.javelle.compiler.core.P13InitializerBlockTest" tests="5" skipped="0" failures="0" errors="0" timestamp="2026-09-12T05:57:03.097Z" hostname="nobara-pc" time="0.002">
  <properties/>
  <testcase name="instanceInitializerBlock()" classname="org.javelle.compiler.core.P13InitializerBlockTest" time="0.0"/>
  <testcase name="initializerBlockInRecordAndEnum()" classname="org.javelle.compiler.core.P13InitializerBlockTest" time="0.001"/>
  <testcase name="emptyInitializerBlock()" classname="org.javelle.compiler.core.P13InitializerBlockTest" time="0.0"/>
  <testcase name="unterminatedInitializerBlockIsADiagnosedError()" classname="org.javelle.compiler.core.P13InitializerBlockTest" time="0.001"/>
  <testcase name="staticInitializerBlock()" classname="org.javelle.compiler.core.P13InitializerBlockTest" time="0.0"/>
  <system-out><![CDATA[]]></system-out>
  <system-err><![CDATA[]]></system-err>
</testsuite>
