<?xml version="1.0" encoding="UTF-8"?>
<testsuite name="org.javelle.compiler.core.P14LoopStatementTest" tests="6" skipped="0" failures="0" errors="0" timestamp="2026-09-12T05:57:03.139Z" hostname="nobara-pc" time="0.003">
  <properties/>
  <testcase name="whileLoopWithBlockBody()" classname="org.javelle.compiler.core.P14LoopStatementTest" time="0.001"/>
  <testcase name="doWhileLoop()" classname="org.javelle.compiler.core.P14LoopStatementTest" time="0.0"/>
  <testcase name="whileLoopWithSingleStatementBody()" classname="org.javelle.compiler.core.P14LoopStatementTest" time="0.0"/>
  <testcase name="missingWhileConditionIsADiagnosedError()" classname="org.javelle.compiler.core.P14LoopStatementTest" time="0.001"/>
  <testcase name="breakAndContinueWithoutLabel()" classname="org.javelle.compiler.core.P14LoopStatementTest" time="0.0"/>
  <testcase name="breakAndContinueWithLabel()" classname="org.javelle.compiler.core.P14LoopStatementTest" time="0.0"/>
  <system-out><![CDATA[]]></system-out>
  <system-err><![CDATA[]]></system-err>
</testsuite>
