<?xml version="1.0" encoding="UTF-8"?>
<testsuite name="org.javelle.compiler.core.P14SynchronizedTest" tests="3" skipped="0" failures="0" errors="0" timestamp="2026-09-12T05:57:03.154Z" hostname="nobara-pc" time="0.001">
  <properties/>
  <testcase name="synchronizedBlock()" classname="org.javelle.compiler.core.P14SynchronizedTest" time="0.001"/>
  <testcase name="missingSynchronizedBodyIsADiagnosedError()" classname="org.javelle.compiler.core.P14SynchronizedTest" time="0.0"/>
  <testcase name="missingSynchronizedSubjectIsADiagnosedError()" classname="org.javelle.compiler.core.P14SynchronizedTest" time="0.0"/>
  <system-out><![CDATA[]]></system-out>
  <system-err><![CDATA[]]></system-err>
</testsuite>
