<?xml version="1.0" encoding="UTF-8"?>
<testsuite name="org.javelle.compiler.core.P13InterfaceDeclarationTest" tests="5" skipped="0" failures="0" errors="0" timestamp="2026-09-12T05:57:03.100Z" hostname="nobara-pc" time="0.004">
  <properties/>
  <testcase name="constantFieldRequiresAnInitializer()" classname="org.javelle.compiler.core.P13InterfaceDeclarationTest" time="0.001"/>
  <testcase name="unterminatedInterfaceIsADiagnosedError()" classname="org.javelle.compiler.core.P13InterfaceDeclarationTest" time="0.001"/>
  <testcase name="abstractMethodHasNoBodyAndTerminatesAtNewline()" classname="org.javelle.compiler.core.P13InterfaceDeclarationTest" time="0.0"/>
  <testcase name="defaultAndStaticMethodsRequireARealBody()" classname="org.javelle.compiler.core.P13InterfaceDeclarationTest" time="0.0"/>
  <testcase name="missingBodyOnADefaultMethodIsADiagnosedError()" classname="org.javelle.compiler.core.P13InterfaceDeclarationTest" time="0.0"/>
  <system-out><![CDATA[]]></system-out>
  <system-err><![CDATA[]]></system-err>
</testsuite>
