<?xml version="1.0" encoding="UTF-8"?>
<testsuite name="org.javelle.compiler.core.P14EnhancedForTest" tests="4" skipped="0" failures="0" errors="0" timestamp="2026-09-12T05:57:03.133Z" hostname="nobara-pc" time="0.002">
  <properties/>
  <testcase name="ternaryInsideEnhancedForIterableDoesNotConfuseColonCounting()" classname="org.javelle.compiler.core.P14EnhancedForTest" time="0.001"/>
  <testcase name="enhancedForWithTypedVariable()" classname="org.javelle.compiler.core.P14EnhancedForTest" time="0.0"/>
  <testcase name="enhancedForWithVarVariable()" classname="org.javelle.compiler.core.P14EnhancedForTest" time="0.001"/>
  <testcase name="enhancedForWithSingleStatementBody()" classname="org.javelle.compiler.core.P14EnhancedForTest" time="0.0"/>
  <system-out><![CDATA[]]></system-out>
  <system-err><![CDATA[]]></system-err>
</testsuite>
