<?xml version="1.0" encoding="UTF-8"?>
<testsuite name="org.javelle.compiler.core.P13SealedModifiersTest" tests="6" skipped="0" failures="0" errors="0" timestamp="2026-09-12T05:57:03.126Z" hostname="nobara-pc" time="0.003">
  <properties/>
  <testcase name="publicModifierOnClassIsCaptured()" classname="org.javelle.compiler.core.P13SealedModifiersTest" time="0.0"/>
  <testcase name="nonSealedModifierIsCapturedAsOneModifier()" classname="org.javelle.compiler.core.P13SealedModifiersTest" time="0.001"/>
  <testcase name="publicModifierWorksOnInterfaceEnumRecordAndAnnotationType()" classname="org.javelle.compiler.core.P13SealedModifiersTest" time="0.0"/>
  <testcase name="sealedClassWithPermitsClause()" classname="org.javelle.compiler.core.P13SealedModifiersTest" time="0.0"/>
  <testcase name="malformedPermitsClauseIsADiagnosedError()" classname="org.javelle.compiler.core.P13SealedModifiersTest" time="0.0"/>
  <testcase name="sealedInterfaceWithPermitsClause()" classname="org.javelle.compiler.core.P13SealedModifiersTest" time="0.001"/>
  <system-out><![CDATA[]]></system-out>
  <system-err><![CDATA[]]></system-err>
</testsuite>
