<?xml version="1.0" encoding="UTF-8"?>
<testsuite name="org.javelle.compiler.core.P13ModifierValidationTest" tests="11" skipped="0" failures="0" errors="0" timestamp="2026-09-12T05:57:03.107Z" hostname="nobara-pc" time="0.005">
  <properties/>
  <testcase name="abstractEnumIsRejected()" classname="org.javelle.compiler.core.P13ModifierValidationTest" time="0.001"/>
  <testcase name="finalAndAbstractClassIsRejected()" classname="org.javelle.compiler.core.P13ModifierValidationTest" time="0.0"/>
  <testcase name="finalAndSealedClassIsRejected()" classname="org.javelle.compiler.core.P13ModifierValidationTest" time="0.001"/>
  <testcase name="plainRecordAndEnumAreAccepted()" classname="org.javelle.compiler.core.P13ModifierValidationTest" time="0.0"/>
  <testcase name="abstractRecordIsRejected()" classname="org.javelle.compiler.core.P13ModifierValidationTest" time="0.001"/>
  <testcase name="finalAnnotationTypeIsRejected()" classname="org.javelle.compiler.core.P13ModifierValidationTest" time="0.0"/>
  <testcase name="finalEnumIsRejected()" classname="org.javelle.compiler.core.P13ModifierValidationTest" time="0.0"/>
  <testcase name="finalInterfaceIsRejected()" classname="org.javelle.compiler.core.P13ModifierValidationTest" time="0.0"/>
  <testcase name="plainFinalClassIsAccepted()" classname="org.javelle.compiler.core.P13ModifierValidationTest" time="0.0"/>
  <testcase name="finalRecordIsRejected()" classname="org.javelle.compiler.core.P13ModifierValidationTest" time="0.0"/>
  <testcase name="sealedAndNonSealedClassIsRejected()" classname="org.javelle.compiler.core.P13ModifierValidationTest" time="0.0"/>
  <system-out><![CDATA[]]></system-out>
  <system-err><![CDATA[]]></system-err>
</testsuite>
